
> client@0.1.0 start
> react-scripts start

(node:10808) [DEP_WEBPACK_DEV_SERVER_ON_AFTER_SETUP_MIDDLEWARE] DeprecationWarning: 'onAfterSetupMiddleware' option is deprecated. Please use the 'setupMiddlewares' option.
(Use `node --trace-deprecation ...` to show where the warning was created)
(node:10808) [DEP_WEBPACK_DEV_SERVER_ON_BEFORE_SETUP_MIDDLEWARE] DeprecationWarning: 'onBeforeSetupMiddleware' option is deprecated. Please use the 'setupMiddlewares' option.
[36mStarting the development server...[39m
[36m[39m
[33mCompiled with warnings.[39m
[33m[39m
[eslint] 
src\App.js
  [1mLine 28:28:[22m  'setSelectedTagQuery' is assigned a value but never used  [33m[4mno-unused-vars[24m[39m
  [1mLine 159:9:[22m  'updateClapsInPost' is assigned a value but never used    [33m[4mno-unused-vars[24m[39m

src\components\Post.js
  [1mLine 10:20:[22m  'useEffect' is defined but never used             [33m[4mno-unused-vars[24m[39m
  [1mLine 41:10:[22m  'clapsNum' is assigned a value but never used     [33m[4mno-unused-vars[24m[39m
  [1mLine 41:20:[22m  'setClapsNum' is assigned a value but never used  [33m[4mno-unused-vars[24m[39m

src\pages\AddNewPost.js
  [1mLine 16:16:[22m  'uuidv4' is defined but never used  [33m[4mno-unused-vars[24m[39m

Search for the [4m[33mkeywords[39m[24m to learn more about each warning.
To ignore, add [36m// eslint-disable-next-line[39m to the line before.

[1m[33mWARNING[39m[22m in [eslint] 
src\App.js
  [1mLine 28:28:[22m  'setSelectedTagQuery' is assigned a value but never used  [33m[4mno-unused-vars[24m[39m
  [1mLine 159:9:[22m  'updateClapsInPost' is assigned a value but never used    [33m[4mno-unused-vars[24m[39m

src\components\Post.js
  [1mLine 10:20:[22m  'useEffect' is defined but never used             [33m[4mno-unused-vars[24m[39m
  [1mLine 41:10:[22m  'clapsNum' is assigned a value but never used     [33m[4mno-unused-vars[24m[39m
  [1mLine 41:20:[22m  'setClapsNum' is assigned a value but never used  [33m[4mno-unused-vars[24m[39m

src\pages\AddNewPost.js
  [1mLine 16:16:[22m  'uuidv4' is defined but never used  [33m[4mno-unused-vars[24m[39m

webpack compiled with [1m[33m1 warning[39m[22m
Compiling...
[31mFailed to compile.[39m
[31m[39m
SyntaxError: D:\Documents\CS projects\wix-enter-exam\client\src\components\Post.js: Identifier 'handleClapClick' has already been declared. (23:2)
[0m [90m 21 |[39m   handleAddTagClick[33m,[39m[0m
[0m [90m 22 |[39m   handleTagClick[33m,[39m[0m
[0m[31m[1m>[22m[39m[90m 23 |[39m   handleClapClick[33m,[39m[0m
[0m [90m    |[39m   [31m[1m^[22m[39m[0m
[0m [90m 24 |[39m   selectedTagId[33m,[39m[0m
[0m [90m 25 |[39m   userId[33m,[39m[0m
[0m [90m 26 |[39m }) {[0m
    at parser.next (<anonymous>)
    at normalizeFile.next (<anonymous>)
    at run.next (<anonymous>)
    at transform.next (<anonymous>)
[1m[33mWARNING[39m[22m in [eslint] 
src\App.js
  [1mLine 28:28:[22m  'setSelectedTagQuery' is assigned a value but never used  [33m[4mno-unused-vars[24m[39m
  [1mLine 159:9:[22m  'updateClapsInPost' is assigned a value but never used    [33m[4mno-unused-vars[24m[39m

src\pages\AddNewPost.js
  [1mLine 16:16:[22m  'uuidv4' is defined but never used  [33m[4mno-unused-vars[24m[39m

[1m[31mERROR[39m[22m in [1m./src/components/Post.js[39m[22m
Module build failed (from ../node_modules/babel-loader/lib/index.js):
SyntaxError: D:\Documents\CS projects\wix-enter-exam\client\src\components\Post.js: Identifier 'handleClapClick' has already been declared. (23:2)

[0m [90m 21 |[39m   handleAddTagClick[33m,[39m[0m
[0m [90m 22 |[39m   handleTagClick[33m,[39m[0m
[0m[31m[1m>[22m[39m[90m 23 |[39m   handleClapClick[33m,[39m[0m
[0m [90m    |[39m   [31m[1m^[22m[39m[0m
[0m [90m 24 |[39m   selectedTagId[33m,[39m[0m
[0m [90m 25 |[39m   userId[33m,[39m[0m
[0m [90m 26 |[39m }) {[0m
    at instantiate (D:\Documents\CS projects\wix-enter-exam\node_modules\@babel\parser\lib\index.js:63:32)
    at constructor (D:\Documents\CS projects\wix-enter-exam\node_modules\@babel\parser\lib\index.js:358:12)
    at FlowParserMixin.raise (D:\Documents\CS projects\wix-enter-exam\node_modules\@babel\parser\lib\index.js:3255:19)
    at FlowScopeHandler.checkRedeclarationInScope (D:\Documents\CS projects\wix-enter-exam\node_modules\@babel\parser\lib\index.js:1528:19)
    at FlowScopeHandler.declareName (D:\Documents\CS projects\wix-enter-exam\node_modules\@babel\parser\lib\index.js:1511:14)
    at FlowScopeHandler.declareName (D:\Documents\CS projects\wix-enter-exam\node_modules\@babel\parser\lib\index.js:1595:11)
    at FlowParserMixin.declareNameFromIdentifier (D:\Documents\CS projects\wix-enter-exam\node_modules\@babel\parser\lib\index.js:7511:16)
    at FlowParserMixin.checkIdentifier (D:\Documents\CS projects\wix-enter-exam\node_modules\@babel\parser\lib\index.js:7507:12)
    at FlowParserMixin.checkLVal (D:\Documents\CS projects\wix-enter-exam\node_modules\@babel\parser\lib\index.js:7446:12)
    at FlowParserMixin.checkLVal (D:\Documents\CS projects\wix-enter-exam\node_modules\@babel\parser\lib\index.js:7477:14)
    at FlowParserMixin.checkLVal (D:\Documents\CS projects\wix-enter-exam\node_modules\@babel\parser\lib\index.js:7477:14)
    at FlowParserMixin.checkParams (D:\Documents\CS projects\wix-enter-exam\node_modules\@babel\parser\lib\index.js:11980:12)
    at FlowParserMixin.checkParams (D:\Documents\CS projects\wix-enter-exam\node_modules\@babel\parser\lib\index.js:5838:11)
    at FlowParserMixin.<anonymous> (D:\Documents\CS projects\wix-enter-exam\node_modules\@babel\parser\lib\index.js:11955:14)
    at FlowParserMixin.parseBlockOrModuleBlockBody (D:\Documents\CS projects\wix-enter-exam\node_modules\@babel\parser\lib\index.js:13202:23)
    at FlowParserMixin.parseBlockBody (D:\Documents\CS projects\wix-enter-exam\node_modules\@babel\parser\lib\index.js:13178:10)
    at FlowParserMixin.parseBlock (D:\Documents\CS projects\wix-enter-exam\node_modules\@babel\parser\lib\index.js:13166:10)
    at FlowParserMixin.parseFunctionBody (D:\Documents\CS projects\wix-enter-exam\node_modules\@babel\parser\lib\index.js:11947:24)
    at FlowParserMixin.parseFunctionBody (D:\Documents\CS projects\wix-enter-exam\node_modules\@babel\parser\lib\index.js:5107:11)
    at FlowParserMixin.parseFunctionBodyAndFinish (D:\Documents\CS projects\wix-enter-exam\node_modules\@babel\parser\lib\index.js:11933:10)
    at FlowParserMixin.parseFunctionBodyAndFinish (D:\Documents\CS projects\wix-enter-exam\node_modules\@babel\parser\lib\index.js:5115:18)
    at D:\Documents\CS projects\wix-enter-exam\node_modules\@babel\parser\lib\index.js:13316:12
    at FlowParserMixin.withSmartMixTopicForbiddingContext (D:\Documents\CS projects\wix-enter-exam\node_modules\@babel\parser\lib\index.js:12257:14)
    at FlowParserMixin.parseFunction (D:\Documents\CS projects\wix-enter-exam\node_modules\@babel\parser\lib\index.js:13315:10)
    at FlowParserMixin.parseFunctionStatement (D:\Documents\CS projects\wix-enter-exam\node_modules\@babel\parser\lib\index.js:12980:17)
    at FlowParserMixin.parseStatementContent (D:\Documents\CS projects\wix-enter-exam\node_modules\@babel\parser\lib\index.js:12610:21)
    at FlowParserMixin.parseStatementLike (D:\Documents\CS projects\wix-enter-exam\node_modules\@babel\parser\lib\index.js:12584:17)
    at FlowParserMixin.parseStatementLike (D:\Documents\CS projects\wix-enter-exam\node_modules\@babel\parser\lib\index.js:5130:24)
    at FlowParserMixin.parseModuleItem (D:\Documents\CS projects\wix-enter-exam\node_modules\@babel\parser\lib\index.js:12561:17)
    at FlowParserMixin.parseBlockOrModuleBlockBody (D:\Documents\CS projects\wix-enter-exam\node_modules\@babel\parser\lib\index.js:13185:36)
    at FlowParserMixin.parseBlockBody (D:\Documents\CS projects\wix-enter-exam\node_modules\@babel\parser\lib\index.js:13178:10)
    at FlowParserMixin.parseProgram (D:\Documents\CS projects\wix-enter-exam\node_modules\@babel\parser\lib\index.js:12460:10)
    at FlowParserMixin.parseTopLevel (D:\Documents\CS projects\wix-enter-exam\node_modules\@babel\parser\lib\index.js:12450:25)
    at FlowParserMixin.parseTopLevel (D:\Documents\CS projects\wix-enter-exam\node_modules\@babel\parser\lib\index.js:5935:28)
    at FlowParserMixin.parse (D:\Documents\CS projects\wix-enter-exam\node_modules\@babel\parser\lib\index.js:14347:10)
    at parse (D:\Documents\CS projects\wix-enter-exam\node_modules\@babel\parser\lib\index.js:14388:38)
    at parser (D:\Documents\CS projects\wix-enter-exam\node_modules\@babel\core\lib\parser\index.js:41:34)
    at parser.next (<anonymous>)
    at normalizeFile (D:\Documents\CS projects\wix-enter-exam\node_modules\@babel\core\lib\transformation\normalize-file.js:64:38)
    at normalizeFile.next (<anonymous>)
    at run (D:\Documents\CS projects\wix-enter-exam\node_modules\@babel\core\lib\transformation\index.js:21:50)
    at run.next (<anonymous>)
    at transform (D:\Documents\CS projects\wix-enter-exam\node_modules\@babel\core\lib\transform.js:22:41)
    at transform.next (<anonymous>)
    at step (D:\Documents\CS projects\wix-enter-exam\node_modules\gensync\index.js:261:32)
    at D:\Documents\CS projects\wix-enter-exam\node_modules\gensync\index.js:273:13
    at async.call.result.err.err (D:\Documents\CS projects\wix-enter-exam\node_modules\gensync\index.js:223:11)

[1m[31mERROR[39m[22m in [eslint] 
src\components\Post.js
  [1mLine 23:2:[22m  Parsing error: Identifier 'handleClapClick' has already been declared. (23:2)

webpack compiled with [1m[31m2 errors[39m[22m and [1m[33m1 warning[39m[22m
Compiling...
[31mFailed to compile.[39m
[31m[39m
SyntaxError: D:\Documents\CS projects\wix-enter-exam\client\src\components\Post.js: Identifier 'handleClapClick' has already been declared. (23:2)
[0m [90m 21 |[39m   handleAddTagClick[33m,[39m[0m
[0m [90m 22 |[39m   handleTagClick[33m,[39m[0m
[0m[31m[1m>[22m[39m[90m 23 |[39m   handleClapClick[33m,[39m[0m
[0m [90m    |[39m   [31m[1m^[22m[39m[0m
[0m [90m 24 |[39m   selectedTagId[33m,[39m[0m
[0m [90m 25 |[39m   userId[33m,[39m[0m
[0m [90m 26 |[39m }) {[0m
    at parser.next (<anonymous>)
    at normalizeFile.next (<anonymous>)
    at run.next (<anonymous>)
    at transform.next (<anonymous>)
[1m[33mWARNING[39m[22m in [eslint] 
src\App.js
  [1mLine 28:28:[22m  'setSelectedTagQuery' is assigned a value but never used  [33m[4mno-unused-vars[24m[39m
  [1mLine 159:9:[22m  'updateClapsInPost' is assigned a value but never used    [33m[4mno-unused-vars[24m[39m

src\pages\AddNewPost.js
  [1mLine 16:16:[22m  'uuidv4' is defined but never used  [33m[4mno-unused-vars[24m[39m

[1m[31mERROR[39m[22m in [1m./src/components/Post.js[39m[22m
Module build failed (from ../node_modules/babel-loader/lib/index.js):
SyntaxError: D:\Documents\CS projects\wix-enter-exam\client\src\components\Post.js: Identifier 'handleClapClick' has already been declared. (23:2)

[0m [90m 21 |[39m   handleAddTagClick[33m,[39m[0m
[0m [90m 22 |[39m   handleTagClick[33m,[39m[0m
[0m[31m[1m>[22m[39m[90m 23 |[39m   handleClapClick[33m,[39m[0m
[0m [90m    |[39m   [31m[1m^[22m[39m[0m
[0m [90m 24 |[39m   selectedTagId[33m,[39m[0m
[0m [90m 25 |[39m   userId[33m,[39m[0m
[0m [90m 26 |[39m }) {[0m
    at instantiate (D:\Documents\CS projects\wix-enter-exam\node_modules\@babel\parser\lib\index.js:63:32)
    at constructor (D:\Documents\CS projects\wix-enter-exam\node_modules\@babel\parser\lib\index.js:358:12)
    at FlowParserMixin.raise (D:\Documents\CS projects\wix-enter-exam\node_modules\@babel\parser\lib\index.js:3255:19)
    at FlowScopeHandler.checkRedeclarationInScope (D:\Documents\CS projects\wix-enter-exam\node_modules\@babel\parser\lib\index.js:1528:19)
    at FlowScopeHandler.declareName (D:\Documents\CS projects\wix-enter-exam\node_modules\@babel\parser\lib\index.js:1511:14)
    at FlowScopeHandler.declareName (D:\Documents\CS projects\wix-enter-exam\node_modules\@babel\parser\lib\index.js:1595:11)
    at FlowParserMixin.declareNameFromIdentifier (D:\Documents\CS projects\wix-enter-exam\node_modules\@babel\parser\lib\index.js:7511:16)
    at FlowParserMixin.checkIdentifier (D:\Documents\CS projects\wix-enter-exam\node_modules\@babel\parser\lib\index.js:7507:12)
    at FlowParserMixin.checkLVal (D:\Documents\CS projects\wix-enter-exam\node_modules\@babel\parser\lib\index.js:7446:12)
    at FlowParserMixin.checkLVal (D:\Documents\CS projects\wix-enter-exam\node_modules\@babel\parser\lib\index.js:7477:14)
    at FlowParserMixin.checkLVal (D:\Documents\CS projects\wix-enter-exam\node_modules\@babel\parser\lib\index.js:7477:14)
    at FlowParserMixin.checkParams (D:\Documents\CS projects\wix-enter-exam\node_modules\@babel\parser\lib\index.js:11980:12)
    at FlowParserMixin.checkParams (D:\Documents\CS projects\wix-enter-exam\node_modules\@babel\parser\lib\index.js:5838:11)
    at FlowParserMixin.<anonymous> (D:\Documents\CS projects\wix-enter-exam\node_modules\@babel\parser\lib\index.js:11955:14)
    at FlowParserMixin.parseBlockOrModuleBlockBody (D:\Documents\CS projects\wix-enter-exam\node_modules\@babel\parser\lib\index.js:13202:23)
    at FlowParserMixin.parseBlockBody (D:\Documents\CS projects\wix-enter-exam\node_modules\@babel\parser\lib\index.js:13178:10)
    at FlowParserMixin.parseBlock (D:\Documents\CS projects\wix-enter-exam\node_modules\@babel\parser\lib\index.js:13166:10)
    at FlowParserMixin.parseFunctionBody (D:\Documents\CS projects\wix-enter-exam\node_modules\@babel\parser\lib\index.js:11947:24)
    at FlowParserMixin.parseFunctionBody (D:\Documents\CS projects\wix-enter-exam\node_modules\@babel\parser\lib\index.js:5107:11)
    at FlowParserMixin.parseFunctionBodyAndFinish (D:\Documents\CS projects\wix-enter-exam\node_modules\@babel\parser\lib\index.js:11933:10)
    at FlowParserMixin.parseFunctionBodyAndFinish (D:\Documents\CS projects\wix-enter-exam\node_modules\@babel\parser\lib\index.js:5115:18)
    at D:\Documents\CS projects\wix-enter-exam\node_modules\@babel\parser\lib\index.js:13316:12
    at FlowParserMixin.withSmartMixTopicForbiddingContext (D:\Documents\CS projects\wix-enter-exam\node_modules\@babel\parser\lib\index.js:12257:14)
    at FlowParserMixin.parseFunction (D:\Documents\CS projects\wix-enter-exam\node_modules\@babel\parser\lib\index.js:13315:10)
    at FlowParserMixin.parseFunctionStatement (D:\Documents\CS projects\wix-enter-exam\node_modules\@babel\parser\lib\index.js:12980:17)
    at FlowParserMixin.parseStatementContent (D:\Documents\CS projects\wix-enter-exam\node_modules\@babel\parser\lib\index.js:12610:21)
    at FlowParserMixin.parseStatementLike (D:\Documents\CS projects\wix-enter-exam\node_modules\@babel\parser\lib\index.js:12584:17)
    at FlowParserMixin.parseStatementLike (D:\Documents\CS projects\wix-enter-exam\node_modules\@babel\parser\lib\index.js:5130:24)
    at FlowParserMixin.parseModuleItem (D:\Documents\CS projects\wix-enter-exam\node_modules\@babel\parser\lib\index.js:12561:17)
    at FlowParserMixin.parseBlockOrModuleBlockBody (D:\Documents\CS projects\wix-enter-exam\node_modules\@babel\parser\lib\index.js:13185:36)
    at FlowParserMixin.parseBlockBody (D:\Documents\CS projects\wix-enter-exam\node_modules\@babel\parser\lib\index.js:13178:10)
    at FlowParserMixin.parseProgram (D:\Documents\CS projects\wix-enter-exam\node_modules\@babel\parser\lib\index.js:12460:10)
    at FlowParserMixin.parseTopLevel (D:\Documents\CS projects\wix-enter-exam\node_modules\@babel\parser\lib\index.js:12450:25)
    at FlowParserMixin.parseTopLevel (D:\Documents\CS projects\wix-enter-exam\node_modules\@babel\parser\lib\index.js:5935:28)
    at FlowParserMixin.parse (D:\Documents\CS projects\wix-enter-exam\node_modules\@babel\parser\lib\index.js:14347:10)
    at parse (D:\Documents\CS projects\wix-enter-exam\node_modules\@babel\parser\lib\index.js:14388:38)
    at parser (D:\Documents\CS projects\wix-enter-exam\node_modules\@babel\core\lib\parser\index.js:41:34)
    at parser.next (<anonymous>)
    at normalizeFile (D:\Documents\CS projects\wix-enter-exam\node_modules\@babel\core\lib\transformation\normalize-file.js:64:38)
    at normalizeFile.next (<anonymous>)
    at run (D:\Documents\CS projects\wix-enter-exam\node_modules\@babel\core\lib\transformation\index.js:21:50)
    at run.next (<anonymous>)
    at transform (D:\Documents\CS projects\wix-enter-exam\node_modules\@babel\core\lib\transform.js:22:41)
    at transform.next (<anonymous>)
    at step (D:\Documents\CS projects\wix-enter-exam\node_modules\gensync\index.js:261:32)
    at D:\Documents\CS projects\wix-enter-exam\node_modules\gensync\index.js:273:13
    at async.call.result.err.err (D:\Documents\CS projects\wix-enter-exam\node_modules\gensync\index.js:223:11)

[1m[31mERROR[39m[22m in [eslint] 
src\components\Post.js
  [1mLine 23:2:[22m  Parsing error: Identifier 'handleClapClick' has already been declared. (23:2)

webpack compiled with [1m[31m2 errors[39m[22m and [1m[33m1 warning[39m[22m
Compiling...
[33mCompiled with warnings.[39m
[33m[39m
[eslint] 
src\App.js
  [1mLine 28:28:[22m  'setSelectedTagQuery' is assigned a value but never used  [33m[4mno-unused-vars[24m[39m
  [1mLine 159:9:[22m  'updateClapsInPost' is assigned a value but never used    [33m[4mno-unused-vars[24m[39m

src\components\Post.js
  [1mLine 10:20:[22m  'useEffect' is defined but never used  [33m[4mno-unused-vars[24m[39m

src\pages\AddNewPost.js
  [1mLine 16:16:[22m  'uuidv4' is defined but never used  [33m[4mno-unused-vars[24m[39m

Search for the [4m[33mkeywords[39m[24m to learn more about each warning.
To ignore, add [36m// eslint-disable-next-line[39m to the line before.

[1m[33mWARNING[39m[22m in [eslint] 
src\App.js
  [1mLine 28:28:[22m  'setSelectedTagQuery' is assigned a value but never used  [33m[4mno-unused-vars[24m[39m
  [1mLine 159:9:[22m  'updateClapsInPost' is assigned a value but never used    [33m[4mno-unused-vars[24m[39m

src\components\Post.js
  [1mLine 10:20:[22m  'useEffect' is defined but never used  [33m[4mno-unused-vars[24m[39m

src\pages\AddNewPost.js
  [1mLine 16:16:[22m  'uuidv4' is defined but never used  [33m[4mno-unused-vars[24m[39m

webpack compiled with [1m[33m1 warning[39m[22m
Compiling...
[33mCompiled with warnings.[39m
[33m[39m
[eslint] 
src\App.js
  [1mLine 28:28:[22m  'setSelectedTagQuery' is assigned a value but never used  [33m[4mno-unused-vars[24m[39m
  [1mLine 159:9:[22m  'updateClapsInPost' is assigned a value but never used    [33m[4mno-unused-vars[24m[39m

src\components\Post.js
  [1mLine 10:20:[22m  'useEffect' is defined but never used  [33m[4mno-unused-vars[24m[39m

src\pages\AddNewPost.js
  [1mLine 16:16:[22m  'uuidv4' is defined but never used  [33m[4mno-unused-vars[24m[39m

Search for the [4m[33mkeywords[39m[24m to learn more about each warning.
To ignore, add [36m// eslint-disable-next-line[39m to the line before.

[1m[33mWARNING[39m[22m in [eslint] 
src\App.js
  [1mLine 28:28:[22m  'setSelectedTagQuery' is assigned a value but never used  [33m[4mno-unused-vars[24m[39m
  [1mLine 159:9:[22m  'updateClapsInPost' is assigned a value but never used    [33m[4mno-unused-vars[24m[39m

src\components\Post.js
  [1mLine 10:20:[22m  'useEffect' is defined but never used  [33m[4mno-unused-vars[24m[39m

src\pages\AddNewPost.js
  [1mLine 16:16:[22m  'uuidv4' is defined but never used  [33m[4mno-unused-vars[24m[39m

webpack compiled with [1m[33m1 warning[39m[22m
Compiling...
[33mCompiled with warnings.[39m
[33m[39m
[eslint] 
src\App.js
  [1mLine 28:28:[22m  'setSelectedTagQuery' is assigned a value but never used  [33m[4mno-unused-vars[24m[39m
  [1mLine 159:9:[22m  'updateClapsInPost' is assigned a value but never used    [33m[4mno-unused-vars[24m[39m

src\components\Post.js
  [1mLine 10:20:[22m  'useEffect' is defined but never used  [33m[4mno-unused-vars[24m[39m

src\pages\AddNewPost.js
  [1mLine 16:16:[22m  'uuidv4' is defined but never used  [33m[4mno-unused-vars[24m[39m

Search for the [4m[33mkeywords[39m[24m to learn more about each warning.
To ignore, add [36m// eslint-disable-next-line[39m to the line before.

[1m[33mWARNING[39m[22m in [eslint] 
src\App.js
  [1mLine 28:28:[22m  'setSelectedTagQuery' is assigned a value but never used  [33m[4mno-unused-vars[24m[39m
  [1mLine 159:9:[22m  'updateClapsInPost' is assigned a value but never used    [33m[4mno-unused-vars[24m[39m

src\components\Post.js
  [1mLine 10:20:[22m  'useEffect' is defined but never used  [33m[4mno-unused-vars[24m[39m

src\pages\AddNewPost.js
  [1mLine 16:16:[22m  'uuidv4' is defined but never used  [33m[4mno-unused-vars[24m[39m

webpack compiled with [1m[33m1 warning[39m[22m
Compiling...
[31mFailed to compile.[39m
[31m[39m
[eslint] 
src\pages\AddNewPost.js
  [1mLine 116:19:[22m  Expected an assignment or function call and instead saw an expression  [31m[4mno-unused-expressions[24m[39m
  [1mLine 116:19:[22m  'addPost' is not defined                                               [31m[4mno-undef[24m[39m

Search for the [4m[31mkeywords[39m[24m to learn more about each error.
[1m[33mWARNING[39m[22m in [eslint] 
src\App.js
  [1mLine 28:28:[22m  'setSelectedTagQuery' is assigned a value but never used  [33m[4mno-unused-vars[24m[39m
  [1mLine 159:9:[22m  'updateClapsInPost' is assigned a value but never used    [33m[4mno-unused-vars[24m[39m

src\components\Post.js
  [1mLine 10:20:[22m  'useEffect' is defined but never used  [33m[4mno-unused-vars[24m[39m

src\pages\AddNewPost.js
  [1mLine 16:8:[22m   'app' is defined but never used     [33m[4mno-unused-vars[24m[39m
  [1mLine 17:16:[22m  'uuidv4' is defined but never used  [33m[4mno-unused-vars[24m[39m

[1m[31mERROR[39m[22m in [eslint] 
src\pages\AddNewPost.js
  [1mLine 116:19:[22m  Expected an assignment or function call and instead saw an expression  [31m[4mno-unused-expressions[24m[39m
  [1mLine 116:19:[22m  'addPost' is not defined                                               [31m[4mno-undef[24m[39m

Search for the [4m[31mkeywords[39m[24m to learn more about each error.

webpack compiled with [1m[31m1 error[39m[22m and [1m[33m1 warning[39m[22m
Compiling...
[33mCompiled with warnings.[39m
[33m[39m
[eslint] 
src\App.js
  [1mLine 28:28:[22m  'setSelectedTagQuery' is assigned a value but never used  [33m[4mno-unused-vars[24m[39m
  [1mLine 159:9:[22m  'updateClapsInPost' is assigned a value but never used    [33m[4mno-unused-vars[24m[39m

src\components\Post.js
  [1mLine 10:20:[22m  'useEffect' is defined but never used  [33m[4mno-unused-vars[24m[39m

Search for the [4m[33mkeywords[39m[24m to learn more about each warning.
To ignore, add [36m// eslint-disable-next-line[39m to the line before.

[1m[33mWARNING[39m[22m in [eslint] 
src\App.js
  [1mLine 28:28:[22m  'setSelectedTagQuery' is assigned a value but never used  [33m[4mno-unused-vars[24m[39m
  [1mLine 159:9:[22m  'updateClapsInPost' is assigned a value but never used    [33m[4mno-unused-vars[24m[39m

src\components\Post.js
  [1mLine 10:20:[22m  'useEffect' is defined but never used  [33m[4mno-unused-vars[24m[39m

webpack compiled with [1m[33m1 warning[39m[22m
Compiling...
[33mCompiled with warnings.[39m
[33m[39m
[eslint] 
src\App.js
  [1mLine 28:28:[22m  'setSelectedTagQuery' is assigned a value but never used  [33m[4mno-unused-vars[24m[39m
  [1mLine 159:9:[22m  'updateClapsInPost' is assigned a value but never used    [33m[4mno-unused-vars[24m[39m

src\components\Post.js
  [1mLine 10:20:[22m  'useEffect' is defined but never used  [33m[4mno-unused-vars[24m[39m

Search for the [4m[33mkeywords[39m[24m to learn more about each warning.
To ignore, add [36m// eslint-disable-next-line[39m to the line before.

[1m[33mWARNING[39m[22m in [eslint] 
src\App.js
  [1mLine 28:28:[22m  'setSelectedTagQuery' is assigned a value but never used  [33m[4mno-unused-vars[24m[39m
  [1mLine 159:9:[22m  'updateClapsInPost' is assigned a value but never used    [33m[4mno-unused-vars[24m[39m

src\components\Post.js
  [1mLine 10:20:[22m  'useEffect' is defined but never used  [33m[4mno-unused-vars[24m[39m

webpack compiled with [1m[33m1 warning[39m[22m
Compiling...
[33mCompiled with warnings.[39m
[33m[39m
[eslint] 
src\App.js
  [1mLine 28:28:[22m  'setSelectedTagQuery' is assigned a value but never used  [33m[4mno-unused-vars[24m[39m
  [1mLine 159:9:[22m  'updateClapsInPost' is assigned a value but never used    [33m[4mno-unused-vars[24m[39m

src\components\Post.js
  [1mLine 10:20:[22m  'useEffect' is defined but never used  [33m[4mno-unused-vars[24m[39m

Search for the [4m[33mkeywords[39m[24m to learn more about each warning.
To ignore, add [36m// eslint-disable-next-line[39m to the line before.

[1m[33mWARNING[39m[22m in [eslint] 
src\App.js
  [1mLine 28:28:[22m  'setSelectedTagQuery' is assigned a value but never used  [33m[4mno-unused-vars[24m[39m
  [1mLine 159:9:[22m  'updateClapsInPost' is assigned a value but never used    [33m[4mno-unused-vars[24m[39m

src\components\Post.js
  [1mLine 10:20:[22m  'useEffect' is defined but never used  [33m[4mno-unused-vars[24m[39m

webpack compiled with [1m[33m1 warning[39m[22m
npm ERR! Lifecycle script `start` failed with error: 
npm ERR! Error: command failed 
npm ERR!   in workspace: client@0.1.0 
npm ERR!   at location: D:\Documents\CS projects\wix-enter-exam\client 
